<?xml version="1.0" encoding="UTF-8"?>
<testsuite name="com.mindex.challenge.service.impl.CompensationServiceImplTest" tests="1" skipped="0" failures="0" errors="0" timestamp="2024-01-17T02:23:16" hostname="JOEY-STUDIO-PC" time="0.323">
  <properties/>
  <testcase name="testCompensationReportCreateRead" classname="com.mindex.challenge.service.impl.CompensationServiceImplTest" time="0.323"/>
  <system-out><![CDATA[21:23:13.261 [Test worker] DEBUG org.springframework.test.context.junit4.SpringJUnit4ClassRunner - SpringJUnit4ClassRunner constructor called with [class com.mindex.challenge.service.impl.CompensationServiceImplTest]
21:23:13.267 [Test worker] DEBUG org.springframework.test.context.BootstrapUtils - Instantiating CacheAwareContextLoaderDelegate from class [org.springframework.test.context.cache.DefaultCacheAwareContextLoaderDelegate]
21:23:13.273 [Test worker] DEBUG org.springframework.test.context.BootstrapUtils - Instantiating BootstrapContext using constructor [public org.springframework.test.context.support.DefaultBootstrapContext(java.lang.Class,org.springframework.test.context.CacheAwareContextLoaderDelegate)]
21:23:13.304 [Test worker] DEBUG org.springframework.test.context.BootstrapUtils - Instantiating TestContextBootstrapper for test class [com.mindex.challenge.service.impl.CompensationServiceImplTest] from class [org.springframework.boot.test.context.SpringBootTestContextBootstrapper]
21:23:13.318 [Test worker] INFO org.springframework.boot.test.context.SpringBootTestContextBootstrapper - Neither @ContextConfiguration nor @ContextHierarchy found for test class [com.mindex.challenge.service.impl.CompensationServiceImplTest], using SpringBootContextLoader
21:23:13.321 [Test worker] DEBUG org.springframework.test.context.support.AbstractContextLoader - Did not detect default resource location for test class [com.mindex.challenge.service.impl.CompensationServiceImplTest]: class path resource [com/mindex/challenge/service/impl/CompensationServiceImplTest-context.xml] does not exist
21:23:13.322 [Test worker] DEBUG org.springframework.test.context.support.AbstractContextLoader - Did not detect default resource location for test class [com.mindex.challenge.service.impl.CompensationServiceImplTest]: class path resource [com/mindex/challenge/service/impl/CompensationServiceImplTestContext.groovy] does not exist
21:23:13.322 [Test worker] INFO org.springframework.test.context.support.AbstractContextLoader - Could not detect default resource locations for test class [com.mindex.challenge.service.impl.CompensationServiceImplTest]: no resource found for suffixes {-context.xml, Context.groovy}.
21:23:13.322 [Test worker] INFO org.springframework.test.context.support.AnnotationConfigContextLoaderUtils - Could not detect default configuration classes for test class [com.mindex.challenge.service.impl.CompensationServiceImplTest]: CompensationServiceImplTest does not declare any static, non-private, non-final, nested classes annotated with @Configuration.
21:23:13.362 [Test worker] DEBUG org.springframework.test.context.support.ActiveProfilesUtils - Could not find an 'annotation declaring class' for annotation type [org.springframework.test.context.ActiveProfiles] and class [com.mindex.challenge.service.impl.CompensationServiceImplTest]
21:23:13.422 [Test worker] DEBUG org.springframework.context.annotation.ClassPathScanningCandidateComponentProvider - Identified candidate component class: file [E:\Programming Projects\mindex-java-code-challenge\build\classes\java\main\com\mindex\challenge\ChallengeApplication.class]
21:23:13.424 [Test worker] INFO org.springframework.boot.test.context.SpringBootTestContextBootstrapper - Found @SpringBootConfiguration com.mindex.challenge.ChallengeApplication for test class com.mindex.challenge.service.impl.CompensationServiceImplTest
21:23:13.497 [Test worker] DEBUG org.springframework.boot.test.context.SpringBootTestContextBootstrapper - @TestExecutionListeners is not present for class [com.mindex.challenge.service.impl.CompensationServiceImplTest]: using defaults.
21:23:13.497 [Test worker] INFO org.springframework.boot.test.context.SpringBootTestContextBootstrapper - Loaded default TestExecutionListener class names from location [META-INF/spring.factories]: [org.springframework.boot.test.autoconfigure.restdocs.RestDocsTestExecutionListener, org.springframework.boot.test.autoconfigure.web.client.MockRestServiceServerResetTestExecutionListener, org.springframework.boot.test.autoconfigure.web.servlet.MockMvcPrintOnlyOnFailureTestExecutionListener, org.springframework.boot.test.autoconfigure.web.servlet.WebDriverTestExecutionListener, org.springframework.boot.test.mock.mockito.MockitoTestExecutionListener, org.springframework.boot.test.mock.mockito.ResetMocksTestExecutionListener, org.springframework.test.context.web.ServletTestExecutionListener, org.springframework.test.context.support.DirtiesContextBeforeModesTestExecutionListener, org.springframework.test.context.support.DependencyInjectionTestExecutionListener, org.springframework.test.context.support.DirtiesContextTestExecutionListener, org.springframework.test.context.transaction.TransactionalTestExecutionListener, org.springframework.test.context.jdbc.SqlScriptsTestExecutionListener, org.springframework.test.context.event.EventPublishingTestExecutionListener]
21:23:13.515 [Test worker] INFO org.springframework.boot.test.context.SpringBootTestContextBootstrapper - Using TestExecutionListeners: [org.springframework.test.context.web.ServletTestExecutionListener@d7e4646, org.springframework.test.context.support.DirtiesContextBeforeModesTestExecutionListener@44af8167, org.springframework.boot.test.mock.mockito.MockitoTestExecutionListener@1af08f59, org.springframework.boot.test.autoconfigure.SpringBootDependencyInjectionTestExecutionListener@7a3b958f, org.springframework.test.context.support.DirtiesContextTestExecutionListener@588a0f8, org.springframework.test.context.transaction.TransactionalTestExecutionListener@3d94ad97, org.springframework.test.context.jdbc.SqlScriptsTestExecutionListener@2380673b, org.springframework.test.context.event.EventPublishingTestExecutionListener@5b10929, org.springframework.boot.test.autoconfigure.restdocs.RestDocsTestExecutionListener@45fee607, org.springframework.boot.test.autoconfigure.web.client.MockRestServiceServerResetTestExecutionListener@5d9e133a, org.springframework.boot.test.autoconfigure.web.servlet.MockMvcPrintOnlyOnFailureTestExecutionListener@7d871e0d, org.springframework.boot.test.autoconfigure.web.servlet.WebDriverTestExecutionListener@70f2b8d5, org.springframework.boot.test.mock.mockito.ResetMocksTestExecutionListener@420ea612]
21:23:13.518 [Test worker] DEBUG org.springframework.test.annotation.ProfileValueUtils - Retrieved @ProfileValueSourceConfiguration [null] for test class [com.mindex.challenge.service.impl.CompensationServiceImplTest]
21:23:13.519 [Test worker] DEBUG org.springframework.test.annotation.ProfileValueUtils - Retrieved ProfileValueSource type [class org.springframework.test.annotation.SystemProfileValueSource] for class [com.mindex.challenge.service.impl.CompensationServiceImplTest]
21:23:13.522 [Test worker] DEBUG org.springframework.test.annotation.ProfileValueUtils - Retrieved @ProfileValueSourceConfiguration [null] for test class [com.mindex.challenge.service.impl.CompensationServiceImplTest]
21:23:13.522 [Test worker] DEBUG org.springframework.test.annotation.ProfileValueUtils - Retrieved ProfileValueSource type [class org.springframework.test.annotation.SystemProfileValueSource] for class [com.mindex.challenge.service.impl.CompensationServiceImplTest]
21:23:13.523 [Test worker] DEBUG org.springframework.test.annotation.ProfileValueUtils - Retrieved @ProfileValueSourceConfiguration [null] for test class [com.mindex.challenge.service.impl.CompensationServiceImplTest]
21:23:13.523 [Test worker] DEBUG org.springframework.test.annotation.ProfileValueUtils - Retrieved ProfileValueSource type [class org.springframework.test.annotation.SystemProfileValueSource] for class [com.mindex.challenge.service.impl.CompensationServiceImplTest]
21:23:13.526 [Test worker] DEBUG org.springframework.test.context.support.AbstractDirtiesContextTestExecutionListener - Before test class: context [DefaultTestContext@2c8c7d00 testClass = CompensationServiceImplTest, testInstance = [null], testMethod = [null], testException = [null], mergedContextConfiguration = [WebMergedContextConfiguration@65fb6df3 testClass = CompensationServiceImplTest, locations = '{}', classes = '{class com.mindex.challenge.ChallengeApplication}', contextInitializerClasses = '[]', activeProfiles = '{}', propertySourceLocations = '{}', propertySourceProperties = '{org.springframework.boot.test.context.SpringBootTestContextBootstrapper=true, server.port=0}', contextCustomizers = set[org.springframework.boot.test.autoconfigure.properties.PropertyMappingContextCustomizer@0, org.springframework.boot.test.autoconfigure.web.servlet.WebDriverContextCustomizerFactory$Customizer@594e06f0, org.springframework.boot.test.context.filter.ExcludeFilterContextCustomizer@2110ee94, org.springframework.boot.test.json.DuplicateJsonObjectContextCustomizerFactory$DuplicateJsonObjectContextCustomizer@49fa20ea, org.springframework.boot.test.mock.mockito.MockitoContextCustomizer@fe2af84b, org.springframework.boot.test.web.client.TestRestTemplateContextCustomizer@19021734], resourceBasePath = 'src/main/webapp', contextLoader = 'org.springframework.boot.test.context.SpringBootContextLoader', parent = [null]], attributes = map['org.springframework.test.context.web.ServletTestExecutionListener.activateListener' -> false]], class annotated with @DirtiesContext [false] with mode [null].
21:23:13.528 [Test worker] DEBUG org.springframework.test.annotation.ProfileValueUtils - Retrieved @ProfileValueSourceConfiguration [null] for test class [com.mindex.challenge.service.impl.CompensationServiceImplTest]
21:23:13.528 [Test worker] DEBUG org.springframework.test.annotation.ProfileValueUtils - Retrieved ProfileValueSource type [class org.springframework.test.annotation.SystemProfileValueSource] for class [com.mindex.challenge.service.impl.CompensationServiceImplTest]
21:23:13.544 [Test worker] DEBUG org.springframework.test.context.support.TestPropertySourceUtils - Adding inlined properties to environment: {spring.jmx.enabled=false, org.springframework.boot.test.context.SpringBootTestContextBootstrapper=true, server.port=0}

  .   ____          _            __ _ _
 /\\ / ___'_ __ _ _(_)_ __  __ _ \ \ \ \
( ( )\___ | '_ | '_| | '_ \/ _` | \ \ \ \
 \\/  ___)| |_)| | | | | || (_| |  ) ) ) )
  '  |____| .__|_| |_|_| |_\__, | / / / /
 =========|_|==============|___/=/_/_/_/
 :: Spring Boot ::        (v2.2.0.RELEASE)

2024-01-16 21:23:13.756  INFO 3944 --- [    Test worker] c.m.c.s.i.CompensationServiceImplTest    : Starting CompensationServiceImplTest on Joey-Studio-PC with PID 3944 (started by Runni in E:\Programming Projects\mindex-java-code-challenge)
2024-01-16 21:23:13.757 DEBUG 3944 --- [    Test worker] c.m.c.s.i.CompensationServiceImplTest    : Running with Spring Boot v2.2.0.RELEASE, Spring v5.2.0.RELEASE
2024-01-16 21:23:13.757  INFO 3944 --- [    Test worker] c.m.c.s.i.CompensationServiceImplTest    : No active profile set, falling back to default profiles: default
2024-01-16 21:23:14.140  INFO 3944 --- [    Test worker] .s.d.r.c.RepositoryConfigurationDelegate : Bootstrapping Spring Data repositories in DEFAULT mode.
2024-01-16 21:23:14.198  INFO 3944 --- [    Test worker] .s.d.r.c.RepositoryConfigurationDelegate : Finished Spring Data repository scanning in 53ms. Found 2 repository interfaces.
2024-01-16 21:23:15.129  INFO 3944 --- [    Test worker] o.s.b.w.embedded.tomcat.TomcatWebServer  : Tomcat initialized with port(s): 0 (http)
2024-01-16 21:23:15.141  INFO 3944 --- [    Test worker] o.apache.catalina.core.StandardService   : Starting service [Tomcat]
2024-01-16 21:23:15.141  INFO 3944 --- [    Test worker] org.apache.catalina.core.StandardEngine  : Starting Servlet engine: [Apache Tomcat/9.0.27]
2024-01-16 21:23:15.237  INFO 3944 --- [    Test worker] o.a.c.c.C.[Tomcat].[localhost].[/]       : Initializing Spring embedded WebApplicationContext
2024-01-16 21:23:15.237  INFO 3944 --- [    Test worker] o.s.web.context.ContextLoader            : Root WebApplicationContext: initialization completed in 1465 ms
2024-01-16 21:23:15.653  INFO 3944 --- [    Test worker] de.bwaldvogel.mongo.MongoServer          : started MongoServer(port: 56082, ssl: false)
2024-01-16 21:23:15.713  INFO 3944 --- [    Test worker] org.mongodb.driver.cluster               : Cluster created with settings {hosts=[127.0.0.1:56082], mode=SINGLE, requiredClusterType=UNKNOWN, serverSelectionTimeout='30000 ms', maxWaitQueueSize=500}
2024-01-16 21:23:15.765  INFO 3944 --- [-server-worker1] d.b.mongo.wire.MongoWireProtocolHandler  : client [id: 0xf7bbc92e, L:/127.0.0.1:56082 - R:/127.0.0.1:56083] connected
2024-01-16 21:23:15.807  WARN 3944 --- [    Test worker] o.s.data.convert.CustomConversions       : Registering converter from class java.time.LocalDateTime to class java.time.Instant as reading converter although it doesn't convert from a store-supported type! You might wanna check you annotation setup at the converter implementation.
2024-01-16 21:23:15.807  WARN 3944 --- [    Test worker] o.s.data.convert.CustomConversions       : Registering converter from class java.time.Instant to class java.time.LocalDateTime as reading converter although it doesn't convert from a store-supported type! You might wanna check you annotation setup at the converter implementation.
2024-01-16 21:23:15.807  INFO 3944 --- [127.0.0.1:56082] org.mongodb.driver.connection            : Opened connection [connectionId{localValue:1}] to 127.0.0.1:56082
2024-01-16 21:23:15.810  INFO 3944 --- [127.0.0.1:56082] org.mongodb.driver.cluster               : Monitor thread successfully connected to server with description ServerDescription{address=127.0.0.1:56082, type=STANDALONE, state=CONNECTED, ok=true, version=ServerVersion{versionList=[3, 0, 0]}, minWireVersion=0, maxWireVersion=2, maxDocumentSize=16777216, logicalSessionTimeoutMinutes=null, roundTripTimeNanos=1408100}
2024-01-16 21:23:15.812  WARN 3944 --- [    Test worker] o.s.data.convert.CustomConversions       : Registering converter from class java.time.LocalDateTime to class java.time.Instant as reading converter although it doesn't convert from a store-supported type! You might wanna check you annotation setup at the converter implementation.
2024-01-16 21:23:15.813  WARN 3944 --- [    Test worker] o.s.data.convert.CustomConversions       : Registering converter from class java.time.Instant to class java.time.LocalDateTime as reading converter although it doesn't convert from a store-supported type! You might wanna check you annotation setup at the converter implementation.
2024-01-16 21:23:16.149  INFO 3944 --- [    Test worker] o.s.s.concurrent.ThreadPoolTaskExecutor  : Initializing ExecutorService 'applicationTaskExecutor'
2024-01-16 21:23:16.318  WARN 3944 --- [    Test worker] o.s.data.convert.CustomConversions       : Registering converter from class java.time.LocalDateTime to class java.time.Instant as reading converter although it doesn't convert from a store-supported type! You might wanna check you annotation setup at the converter implementation.
2024-01-16 21:23:16.318  WARN 3944 --- [    Test worker] o.s.data.convert.CustomConversions       : Registering converter from class java.time.Instant to class java.time.LocalDateTime as reading converter although it doesn't convert from a store-supported type! You might wanna check you annotation setup at the converter implementation.
2024-01-16 21:23:16.336  WARN 3944 --- [    Test worker] o.s.data.convert.CustomConversions       : Registering converter from class java.time.LocalDateTime to class java.time.Instant as reading converter although it doesn't convert from a store-supported type! You might wanna check you annotation setup at the converter implementation.
2024-01-16 21:23:16.337  WARN 3944 --- [    Test worker] o.s.data.convert.CustomConversions       : Registering converter from class java.time.Instant to class java.time.LocalDateTime as reading converter although it doesn't convert from a store-supported type! You might wanna check you annotation setup at the converter implementation.
2024-01-16 21:23:16.423  INFO 3944 --- [    Test worker] o.s.b.w.embedded.tomcat.TomcatWebServer  : Tomcat started on port(s): 56085 (http) with context path ''
2024-01-16 21:23:16.424  INFO 3944 --- [    Test worker] c.m.c.s.i.CompensationServiceImplTest    : Started CompensationServiceImplTest in 2.879 seconds (JVM running for 3.76)
2024-01-16 21:23:16.546  INFO 3944 --- [o-auto-1-exec-1] o.a.c.c.C.[Tomcat].[localhost].[/]       : Initializing Spring DispatcherServlet 'dispatcherServlet'
2024-01-16 21:23:16.546  INFO 3944 --- [o-auto-1-exec-1] o.s.web.servlet.DispatcherServlet        : Initializing Servlet 'dispatcherServlet'
2024-01-16 21:23:16.561  INFO 3944 --- [o-auto-1-exec-1] o.s.web.servlet.DispatcherServlet        : Completed initialization in 15 ms
2024-01-16 21:23:16.592 DEBUG 3944 --- [o-auto-1-exec-1] c.m.c.controller.CompensationController  : Received compensation create request for [com.mindex.challenge.data.Compensation@28949065]
2024-01-16 21:23:16.592 DEBUG 3944 --- [o-auto-1-exec-1] c.m.c.s.impl.CompensationServiceImpl     : Creating compensation [com.mindex.challenge.data.Compensation@28949065]
2024-01-16 21:23:16.650  INFO 3944 --- [-server-worker2] d.b.mongo.wire.MongoWireProtocolHandler  : client [id: 0x78fbfc73, L:/127.0.0.1:56082 - R:/127.0.0.1:56091] connected
2024-01-16 21:23:16.654  INFO 3944 --- [o-auto-1-exec-1] org.mongodb.driver.connection            : Opened connection [connectionId{localValue:2}] to 127.0.0.1:56082
2024-01-16 21:23:16.670  INFO 3944 --- [-server-worker2] d.b.mongo.backend.AbstractMongoBackend   : created database test
2024-01-16 21:23:16.713  INFO 3944 --- [-server-worker2] d.b.mongo.backend.AbstractMongoDatabase  : adding unique _id index for collection compensation
2024-01-16 21:23:16.715  INFO 3944 --- [-server-worker2] d.b.mongo.backend.AbstractMongoDatabase  : created collection test.compensation
2024-01-16 21:23:16.740 DEBUG 3944 --- [o-auto-1-exec-2] c.m.c.controller.CompensationController  : Received compensation read request for id [16a596ae-edd3-4847-99fe-c4518e82c555]
2024-01-16 21:23:16.740 DEBUG 3944 --- [o-auto-1-exec-2] c.m.c.s.impl.CompensationServiceImpl     : Reading compensation for employee id [16a596ae-edd3-4847-99fe-c4518e82c555]
]]></system-out>
  <system-err><![CDATA[]]></system-err>
</testsuite>
